2025-04-27 20:39:10,845 INFO: MyDeptos iniciado [in C:\Users\facu-\Desktop\MyDeptosFlask\app.py:49]
2025-04-27 20:39:16,160 INFO: MyDeptos iniciado [in C:\Users\facu-\Desktop\MyDeptosFlask\app.py:48]
2025-04-27 20:40:53,022 INFO: MyDeptos iniciado [in C:\Users\facu-\Desktop\MyDeptosFlask\app.py:48]
2025-04-27 20:40:53,261 INFO: MyDeptos iniciado [in C:\Users\facu-\Desktop\MyDeptosFlask\app.py:48]
2025-04-27 20:42:02,872 INFO: MyDeptos iniciado [in C:\Users\facu-\Desktop\MyDeptosFlask\app.py:48]
2025-04-27 20:42:04,158 INFO: MyDeptos iniciado [in C:\Users\facu-\Desktop\MyDeptosFlask\app.py:48]
2025-04-27 20:42:20,524 INFO: MyDeptos iniciado [in C:\Users\facu-\Desktop\MyDeptosFlask\app.py:48]
2025-04-27 20:43:05,005 INFO: MyDeptos iniciado [in C:\Users\facu-\Desktop\MyDeptosFlask\app.py:48]
2025-04-27 20:43:48,254 INFO: Inicio de publicación de departamento [in C:\Users\facu-\Desktop\MyDeptosFlask\app.py:494]
2025-04-27 20:43:48,254 INFO: Número de imágenes recibidas: 3 [in C:\Users\facu-\Desktop\MyDeptosFlask\app.py:521]
2025-04-27 20:43:48,255 ERROR: Error al publicar departamento: not all arguments converted during bytes formatting [in C:\Users\facu-\Desktop\MyDeptosFlask\app.py:573]
Traceback (most recent call last):
  File "C:\Users\facu-\Desktop\MyDeptosFlask\venv\Lib\site-packages\MySQLdb\cursors.py", line 200, in _mogrify
    query = query % args
            ~~~~~~^~~~~~
TypeError: not all arguments converted during bytes formatting

During handling of the above exception, another exception occurred:

Traceback (most recent call last):
  File "C:\Users\facu-\Desktop\MyDeptosFlask\app.py", line 534, in publish_depto
    cursor.execute('''
    ~~~~~~~~~~~~~~^^^^
        INSERT INTO departamento (...) VALUES (...)
        ^^^^^^^^^^^^^^^^^^^^^^^^^^^^^^^^^^^^^^^^^^^
        ''', (user_id, localidad, title, description, tipo_publicacion, price,
        ^^^^^^^^^^^^^^^^^^^^^^^^^^^^^^^^^^^^^^^^^^^^^^^^^^^^^^^^^^^^^^^^^^^^^^
             moneda, ambientes, dormitorios, banos, superficie, direccion, rol_inmo_dir))
             ^^^^^^^^^^^^^^^^^^^^^^^^^^^^^^^^^^^^^^^^^^^^^^^^^^^^^^^^^^^^^^^^^^^^^^^^^^^^
  File "C:\Users\facu-\Desktop\MyDeptosFlask\venv\Lib\site-packages\MySQLdb\cursors.py", line 176, in execute
    mogrified_query = self._mogrify(query, args)
  File "C:\Users\facu-\Desktop\MyDeptosFlask\venv\Lib\site-packages\MySQLdb\cursors.py", line 202, in _mogrify
    raise ProgrammingError(str(m))
MySQLdb.ProgrammingError: not all arguments converted during bytes formatting
2025-04-27 20:44:07,552 INFO: MyDeptos iniciado [in C:\Users\facu-\Desktop\MyDeptosFlask\app.py:48]
2025-04-27 20:44:09,841 INFO: MyDeptos iniciado [in C:\Users\facu-\Desktop\MyDeptosFlask\app.py:48]
2025-04-27 20:45:53,101 INFO: MyDeptos iniciado [in C:\Users\facu-\Desktop\MyDeptosFlask\app.py:48]
2025-04-27 20:45:53,350 INFO: MyDeptos iniciado [in C:\Users\facu-\Desktop\MyDeptosFlask\app.py:48]
2025-05-05 14:05:05,226 INFO: MyDeptos iniciado [in C:\Users\facu-\Desktop\MyDeptosFlask\app.py:48]
2025-05-05 14:05:05,503 INFO: MyDeptos iniciado [in C:\Users\facu-\Desktop\MyDeptosFlask\app.py:48]
2025-05-05 15:36:46,070 INFO: MyDeptos iniciado [in C:\Users\facu-\Desktop\MyDeptosFlask\app.py:48]
2025-05-05 15:36:46,320 INFO: MyDeptos iniciado [in C:\Users\facu-\Desktop\MyDeptosFlask\app.py:48]
2025-05-05 16:59:32,385 INFO: MyDeptos iniciado [in C:\Users\facu-\Desktop\MyDeptosFlask\app.py:48]
2025-05-05 16:59:32,630 INFO: MyDeptos iniciado [in C:\Users\facu-\Desktop\MyDeptosFlask\app.py:48]
2025-05-05 18:03:15,828 INFO: MyDeptos iniciado [in C:\Users\facu-\Desktop\MyDeptosFlask\app.py:48]
2025-05-05 18:37:19,977 INFO: MyDeptos iniciado [in C:\Users\facu-\Desktop\MyDeptosFlask\app.py:48]
2025-05-05 18:47:16,382 INFO: MyDeptos iniciado [in C:\Users\facu-\Desktop\MyDeptosFlask\app.py:48]
2025-05-05 18:57:21,857 INFO: MyDeptos iniciado [in C:\Users\facu-\Desktop\MyDeptosFlask\app.py:48]
2025-05-05 19:07:28,909 INFO: MyDeptos iniciado [in C:\Users\facu-\Desktop\MyDeptosFlask\app.py:48]
2025-05-07 21:48:14,118 INFO: MyDeptos iniciado [in C:\Users\facu-\Desktop\MyDeptosFlask\app.py:48]
2025-05-07 21:48:14,369 INFO: MyDeptos iniciado [in C:\Users\facu-\Desktop\MyDeptosFlask\app.py:48]
2025-05-12 16:06:48,756 INFO: MyDeptos iniciado [in C:\Users\facu-\Desktop\MyDeptosFlask\app.py:48]
2025-05-12 16:06:49,066 INFO: MyDeptos iniciado [in C:\Users\facu-\Desktop\MyDeptosFlask\app.py:48]
2025-05-12 18:14:20,664 INFO: MyDeptos iniciado [in C:\Users\facu-\Desktop\MyDeptosFlask\app.py:51]
2025-05-12 18:14:20,906 INFO: MyDeptos iniciado [in C:\Users\facu-\Desktop\MyDeptosFlask\app.py:51]
2025-05-12 18:15:54,613 INFO: MyDeptos iniciado [in C:\Users\facu-\Desktop\MyDeptosFlask\app.py:60]
2025-05-12 18:16:19,006 INFO: MyDeptos iniciado [in C:\Users\facu-\Desktop\MyDeptosFlask\app.py:60]
2025-05-12 18:16:43,402 INFO: MyDeptos iniciado [in C:\Users\facu-\Desktop\MyDeptosFlask\app.py:60]
2025-05-12 18:17:00,797 INFO: MyDeptos iniciado [in C:\Users\facu-\Desktop\MyDeptosFlask\app.py:60]
2025-05-12 18:17:33,230 INFO: MyDeptos iniciado [in C:\Users\facu-\Desktop\MyDeptosFlask\app.py:60]
2025-05-12 18:37:19,655 INFO: MyDeptos iniciado [in C:\Users\facu-\Desktop\MyDeptosFlask\app.py:60]
2025-05-12 18:38:41,282 INFO: MyDeptos iniciado [in C:\Users\facu-\Desktop\MyDeptosFlask\app.py:60]
2025-05-12 21:26:52,732 INFO: MyDeptos iniciado [in C:\Users\facu-\Desktop\MyDeptosFlask\app.py:60]
2025-05-12 21:26:52,972 INFO: MyDeptos iniciado [in C:\Users\facu-\Desktop\MyDeptosFlask\app.py:60]
2025-05-15 13:06:41,529 INFO: MyDeptos iniciado [in C:\Users\facu-\Desktop\MyDeptosFlask\app.py:60]
2025-05-15 13:06:41,880 INFO: MyDeptos iniciado [in C:\Users\facu-\Desktop\MyDeptosFlask\app.py:60]
2025-05-15 13:47:43,995 INFO: MyDeptos iniciado [in C:\Users\facu-\Desktop\MyDeptosFlask\app.py:60]
2025-05-15 13:47:45,395 INFO: MyDeptos iniciado [in C:\Users\facu-\Desktop\MyDeptosFlask\app.py:60]
2025-05-15 13:47:46,783 INFO: MyDeptos iniciado [in C:\Users\facu-\Desktop\MyDeptosFlask\app.py:60]
2025-05-17 09:40:50,690 INFO: MyDeptos iniciado [in C:\Users\facu-\Desktop\MyDeptosFlask\app.py:60]
2025-05-17 09:40:51,006 INFO: MyDeptos iniciado [in C:\Users\facu-\Desktop\MyDeptosFlask\app.py:60]
2025-05-17 15:08:46,089 INFO: MyDeptos iniciado [in C:\Users\facu-\Desktop\MyDeptosFlask\app.py:60]
2025-05-17 15:09:53,047 INFO: MyDeptos iniciado [in C:\Users\facu-\Desktop\MyDeptosFlask\app.py:60]
2025-05-17 15:16:19,004 INFO: MyDeptos iniciado [in C:\Users\facu-\Desktop\MyDeptosFlask\app.py:60]
2025-05-17 15:18:03,334 INFO: MyDeptos iniciado [in C:\Users\facu-\Desktop\MyDeptosFlask\app.py:60]
2025-05-17 15:19:51,650 INFO: MyDeptos iniciado [in C:\Users\facu-\Desktop\MyDeptosFlask\app.py:60]
2025-05-17 15:22:12,214 INFO: MyDeptos iniciado [in C:\Users\facu-\Desktop\MyDeptosFlask\app.py:60]
2025-05-17 15:24:42,901 INFO: MyDeptos iniciado [in C:\Users\facu-\Desktop\MyDeptosFlask\app.py:60]
2025-05-17 15:25:13,530 INFO: MyDeptos iniciado [in C:\Users\facu-\Desktop\MyDeptosFlask\app.py:60]
2025-05-17 15:28:54,891 INFO: MyDeptos iniciado [in C:\Users\facu-\Desktop\MyDeptosFlask\app.py:60]
2025-05-17 15:29:58,861 INFO: MyDeptos iniciado [in C:\Users\facu-\Desktop\MyDeptosFlask\app.py:60]
2025-05-17 15:30:54,763 INFO: MyDeptos iniciado [in C:\Users\facu-\Desktop\MyDeptosFlask\app.py:60]
2025-05-17 15:33:15,368 INFO: MyDeptos iniciado [in C:\Users\facu-\Desktop\MyDeptosFlask\app.py:60]
2025-05-17 15:39:07,956 INFO: MyDeptos iniciado [in C:\Users\facu-\Desktop\MyDeptosFlask\app.py:60]
2025-05-17 15:40:58,302 INFO: MyDeptos iniciado [in C:\Users\facu-\Desktop\MyDeptosFlask\app.py:60]
2025-05-17 18:55:56,648 INFO: MyDeptos iniciado [in C:\Users\facu-\Desktop\MyDeptosFlask\app.py:60]
2025-05-17 18:55:56,973 INFO: MyDeptos iniciado [in C:\Users\facu-\Desktop\MyDeptosFlask\app.py:60]
2025-05-17 19:14:34,190 INFO: MyDeptos iniciado [in C:\Users\facu-\Desktop\MyDeptosFlask\app.py:60]
2025-05-17 19:14:35,551 INFO: MyDeptos iniciado [in C:\Users\facu-\Desktop\MyDeptosFlask\app.py:60]
2025-05-17 19:16:42,012 INFO: MyDeptos iniciado [in C:\Users\facu-\Desktop\MyDeptosFlask\app.py:61]
2025-05-17 19:30:58,710 INFO: MyDeptos iniciado [in C:\Users\facu-\Desktop\MyDeptosFlask\app.py:61]
2025-05-17 19:35:58,726 INFO: MyDeptos iniciado [in C:\Users\facu-\Desktop\MyDeptosFlask\app.py:61]
2025-05-17 19:49:59,534 INFO: MyDeptos iniciado [in C:\Users\facu-\Desktop\MyDeptosFlask\app.py:61]
2025-05-17 19:49:59,840 INFO: MyDeptos iniciado [in C:\Users\facu-\Desktop\MyDeptosFlask\app.py:61]
2025-05-17 19:50:26,445 INFO: MyDeptos iniciado [in C:\Users\facu-\Desktop\MyDeptosFlask\app.py:61]
2025-05-17 19:55:39,530 INFO: MyDeptos iniciado [in C:\Users\facu-\Desktop\MyDeptosFlask\app.py:61]
2025-05-17 19:57:47,006 INFO: MyDeptos iniciado [in C:\Users\facu-\Desktop\MyDeptosFlask\app.py:61]
2025-05-17 20:02:35,962 INFO: MyDeptos iniciado [in C:\Users\facu-\Desktop\MyDeptosFlask\app.py:61]
2025-05-17 20:08:55,744 INFO: MyDeptos iniciado [in C:\Users\facu-\Desktop\MyDeptosFlask\app.py:61]
2025-05-17 20:11:25,486 INFO: MyDeptos iniciado [in C:\Users\facu-\Desktop\MyDeptosFlask\app.py:61]
2025-05-17 20:15:47,231 INFO: MyDeptos iniciado [in C:\Users\facu-\Desktop\MyDeptosFlask\app.py:61]
2025-05-17 20:27:55,607 INFO: MyDeptos iniciado [in C:\Users\facu-\Desktop\MyDeptosFlask\app.py:61]
2025-05-17 20:27:55,910 INFO: MyDeptos iniciado [in C:\Users\facu-\Desktop\MyDeptosFlask\app.py:61]
2025-05-17 20:31:52,886 INFO: MyDeptos iniciado [in C:\Users\facu-\Desktop\MyDeptosFlask\app.py:61]
2025-05-17 20:31:53,203 INFO: MyDeptos iniciado [in C:\Users\facu-\Desktop\MyDeptosFlask\app.py:61]
2025-05-17 20:44:43,400 INFO: MyDeptos iniciado [in C:\Users\facu-\Desktop\MyDeptosFlask\app.py:61]
2025-05-17 20:51:08,329 INFO: MyDeptos iniciado [in C:\Users\facu-\Desktop\MyDeptosFlask\app.py:61]
2025-05-17 20:51:21,828 INFO: MyDeptos iniciado [in C:\Users\facu-\Desktop\MyDeptosFlask\app.py:61]
2025-05-17 20:58:34,023 INFO: MyDeptos iniciado [in C:\Users\facu-\Desktop\MyDeptosFlask\app.py:61]
2025-05-17 21:09:21,055 INFO: MyDeptos iniciado [in C:\Users\facu-\Desktop\MyDeptosFlask\app.py:61]
